CMake Error at CMakeLists.txt:22 (add_subdirectory):
  add_subdirectory given source
  "external/psxport/vendor/beetle-psx/deps/libchdr" which is not an existing
  directory.


CMake Error at external/psxport/cmake/psxport.cmake:53 (add_subdirectory):
  add_subdirectory given source "vendor/rmlui" which is not an existing
  directory.
Call Stack (most recent call first):
  CMakeLists.txt:25 (include)


CMake Error at external/psxport/cmake/psxport.cmake:53 (add_subdirectory):
  add_subdirectory given source "vendor/rmlui" which is not an existing
  directory.
Call Stack (most recent call first):
  cmake/tomba2_port.cmake:19 (include)
  CMakeLists.txt:28 (include)


CMake Error at external/psxport/cmake/psxport.cmake:67 (add_custom_target):
  add_custom_target cannot create target "gen_gpu_shaders" because another
  target with the same name already exists.  The existing target is a custom
  target created in source directory "<HOME>/repo/Tomba2Engine".  See
  documentation for policy CMP0002 for more details.
Call Stack (most recent call first):
  cmake/tomba2_port.cmake:19 (include)
  CMakeLists.txt:28 (include)


CMake Error at external/psxport/cmake/psxport.cmake:138 (add_library):
  add_library cannot create target "psxport" because another target with the
  same name already exists.  The existing target is a static library created
  in source directory "<HOME>/repo/Tomba2Engine".  See documentation
  for policy CMP0002 for more details.
Call Stack (most recent call first):
  cmake/tomba2_port.cmake:19 (include)
  CMakeLists.txt:28 (include)


